[debug] [2021-01-12T04:06:08.136Z] ----------------------------------------------------------------------
[debug] [2021-01-12T04:06:08.138Z] Command:       /usr/bin/node /usr/bin/firebase init hosting
[debug] [2021-01-12T04:06:08.139Z] CLI Version:   9.1.1
[debug] [2021-01-12T04:06:08.140Z] Platform:      linux
[debug] [2021-01-12T04:06:08.140Z] Node Version:  v10.23.0
[debug] [2021-01-12T04:06:08.140Z] Time:          Tue Jan 12 2021 09:36:08 GMT+0530 (India Standard Time)
[debug] [2021-01-12T04:06:08.140Z] ----------------------------------------------------------------------
[debug] [2021-01-12T04:06:08.140Z] 
[debug] [2021-01-12T04:06:08.143Z] >>> [apiv2][query] GET https://firebase-public.firebaseio.com/cli.json [none]
[debug] [2021-01-12T04:06:08.165Z] > command requires scopes: ["email","openid","https://www.googleapis.com/auth/cloudplatformprojects.readonly","https://www.googleapis.com/auth/firebase","https://www.googleapis.com/auth/cloud-platform"]
[debug] [2021-01-12T04:06:08.166Z] > authorizing via signed-in user
[info] 
     ######## #### ########  ######## ########     ###     ######  ########
     ##        ##  ##     ## ##       ##     ##  ##   ##  ##       ##
     ######    ##  ########  ######   ########  #########  ######  ######
     ##        ##  ##    ##  ##       ##     ## ##     ##       ## ##
     ##       #### ##     ## ######## ########  ##     ##  ######  ########

You're about to initialize a Firebase project in this directory:

  /home/krishna/Desktop/practicecodes/cleverProgrammer/jscrashcourse/games

[info] 
=== Project Setup
[info] 
[info] First, let's associate this project directory with a Firebase project.
[info] You can create multiple project aliases by running firebase use --add, 
[info] but for now we'll just set up a default project.
[info] 
[debug] [2021-01-12T04:06:09.087Z] <<< [apiv2][status] GET https://firebase-public.firebaseio.com/cli.json 200
[debug] [2021-01-12T04:06:09.087Z] <<< [apiv2][body] GET https://firebase-public.firebaseio.com/cli.json {"cloudBuildErrorAfter":1594252800000,"cloudBuildWarnAfter":1590019200000,"defaultNode10After":1594252800000,"minVersion":"3.0.5","node8DeploysDisabledAfter":1613390400000,"node8RuntimeDisabledAfter":1615809600000,"node8WarnAfter":1600128000000}
[info] i  If you want to create a project in a Google Cloud organization or folder, please use "firebase projects:create" instead, and return to this command when you've created the project. 
[debug] [2021-01-12T04:06:42.737Z] > refreshing access token with scopes: ["email","https://www.googleapis.com/auth/cloud-platform","https://www.googleapis.com/auth/cloudplatformprojects.readonly","https://www.googleapis.com/auth/firebase","openid"]
[debug] [2021-01-12T04:06:42.738Z] >>> HTTP REQUEST POST https://www.googleapis.com/oauth2/v3/token  
 <request body omitted>
[debug] [2021-01-12T04:06:43.033Z] <<< HTTP RESPONSE 200 {"cache-control":"no-cache, no-store, max-age=0, must-revalidate","expires":"Mon, 01 Jan 1990 00:00:00 GMT","pragma":"no-cache","date":"Tue, 12 Jan 2021 04:06:42 GMT","content-type":"application/json; charset=utf-8","vary":"X-Origin, Referer, Origin,Accept-Encoding","server":"scaffolding on HTTPServer2","x-xss-protection":"0","x-frame-options":"SAMEORIGIN","x-content-type-options":"nosniff","alt-svc":"h3-29=\":443\"; ma=2592000,h3-T051=\":443\"; ma=2592000,h3-Q050=\":443\"; ma=2592000,h3-Q046=\":443\"; ma=2592000,h3-Q043=\":443\"; ma=2592000,quic=\":443\"; ma=2592000; v=\"46,43\"","accept-ranges":"none","transfer-encoding":"chunked"}
[debug] [2021-01-12T04:06:43.074Z] >>> HTTP REQUEST POST https://cloudresourcemanager.googleapis.com/v1/projects  
 {"projectId":"jsgames","name":"jsgames"}
[debug] [2021-01-12T04:06:45.417Z] <<< HTTP RESPONSE 200 {"content-type":"application/json; charset=UTF-8","vary":"X-Origin, Referer, Origin,Accept-Encoding","date":"Tue, 12 Jan 2021 04:06:45 GMT","server":"ESF","cache-control":"private","x-xss-protection":"0","x-frame-options":"SAMEORIGIN","x-content-type-options":"nosniff","server-timing":"gfet4t7; dur=1536","alt-svc":"h3-29=\":443\"; ma=2592000,h3-T051=\":443\"; ma=2592000,h3-Q050=\":443\"; ma=2592000,h3-Q046=\":443\"; ma=2592000,h3-Q043=\":443\"; ma=2592000,quic=\":443\"; ma=2592000; v=\"46,43\"","accept-ranges":"none","transfer-encoding":"chunked"}
[debug] [2021-01-12T04:06:45.422Z] > refreshing access token with scopes: []
[debug] [2021-01-12T04:06:45.423Z] >>> HTTP REQUEST POST https://www.googleapis.com/oauth2/v3/token  
 <request body omitted>
[debug] [2021-01-12T04:06:45.655Z] <<< HTTP RESPONSE 200 {"cache-control":"no-cache, no-store, max-age=0, must-revalidate","pragma":"no-cache","expires":"Mon, 01 Jan 1990 00:00:00 GMT","date":"Tue, 12 Jan 2021 04:06:45 GMT","content-type":"application/json; charset=utf-8","vary":"X-Origin, Referer, Origin,Accept-Encoding","server":"scaffolding on HTTPServer2","x-xss-protection":"0","x-frame-options":"SAMEORIGIN","x-content-type-options":"nosniff","alt-svc":"h3-29=\":443\"; ma=2592000,h3-T051=\":443\"; ma=2592000,h3-Q050=\":443\"; ma=2592000,h3-Q046=\":443\"; ma=2592000,h3-Q043=\":443\"; ma=2592000,quic=\":443\"; ma=2592000; v=\"46,43\"","accept-ranges":"none","transfer-encoding":"chunked"}
[debug] [2021-01-12T04:06:45.719Z] >>> [apiv2][query] GET https://cloudresourcemanager.googleapis.com/v1/operations/cp.7399196138930639019 [none]
[debug] [2021-01-12T04:06:47.437Z] <<< [apiv2][status] GET https://cloudresourcemanager.googleapis.com/v1/operations/cp.7399196138930639019 200
[debug] [2021-01-12T04:06:47.437Z] <<< [apiv2][body] GET https://cloudresourcemanager.googleapis.com/v1/operations/cp.7399196138930639019 {"name":"operations/cp.7399196138930639019"}
[debug] [2021-01-12T04:06:47.938Z] [Project Creation Poller] Retrying task index 0
[debug] [2021-01-12T04:06:47.939Z] >>> [apiv2][query] GET https://cloudresourcemanager.googleapis.com/v1/operations/cp.7399196138930639019 [none]
[debug] [2021-01-12T04:06:49.664Z] <<< [apiv2][status] GET https://cloudresourcemanager.googleapis.com/v1/operations/cp.7399196138930639019 200
[debug] [2021-01-12T04:06:49.665Z] <<< [apiv2][body] GET https://cloudresourcemanager.googleapis.com/v1/operations/cp.7399196138930639019 {"name":"operations/cp.7399196138930639019","metadata":{"@type":"type.googleapis.com/google.cloudresourcemanager.v1.ProjectCreationStatus","gettable":true,"ready":true},"done":true,"response":{"@type":"type.googleapis.com/google.cloudresourcemanager.v1.Project","projectNumber":"535793965954","projectId":"jsgames","lifecycleState":"ACTIVE","name":"jsgames","createTime":"2021-01-12T04:06:45.193Z"}}
[debug] [2021-01-12T04:06:49.669Z] > refreshing access token with scopes: ["email","https://www.googleapis.com/auth/cloud-platform","https://www.googleapis.com/auth/cloudplatformprojects.readonly","https://www.googleapis.com/auth/firebase","openid"]
[debug] [2021-01-12T04:06:49.669Z] >>> HTTP REQUEST POST https://www.googleapis.com/oauth2/v3/token  
 <request body omitted>
[debug] [2021-01-12T04:06:49.905Z] <<< HTTP RESPONSE 200 {"pragma":"no-cache","date":"Tue, 12 Jan 2021 04:06:49 GMT","expires":"Mon, 01 Jan 1990 00:00:00 GMT","cache-control":"no-cache, no-store, max-age=0, must-revalidate","content-type":"application/json; charset=utf-8","vary":"X-Origin, Referer, Origin,Accept-Encoding","server":"scaffolding on HTTPServer2","x-xss-protection":"0","x-frame-options":"SAMEORIGIN","x-content-type-options":"nosniff","alt-svc":"h3-29=\":443\"; ma=2592000,h3-T051=\":443\"; ma=2592000,h3-Q050=\":443\"; ma=2592000,h3-Q046=\":443\"; ma=2592000,h3-Q043=\":443\"; ma=2592000,quic=\":443\"; ma=2592000; v=\"46,43\"","accept-ranges":"none","transfer-encoding":"chunked"}
[debug] [2021-01-12T04:06:49.978Z] >>> HTTP REQUEST POST https://firebase.googleapis.com/v1beta1/projects/jsgames:addFirebase  
 
[debug] [2021-01-12T04:06:54.251Z] <<< HTTP RESPONSE 200 {"content-type":"application/json; charset=UTF-8","vary":"X-Origin, Referer, Origin,Accept-Encoding","date":"Tue, 12 Jan 2021 04:06:54 GMT","server":"ESF","cache-control":"private","x-xss-protection":"0","x-frame-options":"SAMEORIGIN","x-content-type-options":"nosniff","alt-svc":"h3-29=\":443\"; ma=2592000,h3-T051=\":443\"; ma=2592000,h3-Q050=\":443\"; ma=2592000,h3-Q046=\":443\"; ma=2592000,h3-Q043=\":443\"; ma=2592000,quic=\":443\"; ma=2592000; v=\"46,43\"","accept-ranges":"none","transfer-encoding":"chunked"}
[debug] [2021-01-12T04:06:54.252Z] > refreshing access token with scopes: []
[debug] [2021-01-12T04:06:54.253Z] >>> HTTP REQUEST POST https://www.googleapis.com/oauth2/v3/token  
 <request body omitted>
[debug] [2021-01-12T04:06:54.479Z] <<< HTTP RESPONSE 200 {"expires":"Mon, 01 Jan 1990 00:00:00 GMT","cache-control":"no-cache, no-store, max-age=0, must-revalidate","pragma":"no-cache","date":"Tue, 12 Jan 2021 04:06:54 GMT","content-type":"application/json; charset=utf-8","vary":"X-Origin, Referer, Origin,Accept-Encoding","server":"scaffolding on HTTPServer2","x-xss-protection":"0","x-frame-options":"SAMEORIGIN","x-content-type-options":"nosniff","alt-svc":"h3-29=\":443\"; ma=2592000,h3-T051=\":443\"; ma=2592000,h3-Q050=\":443\"; ma=2592000,h3-Q046=\":443\"; ma=2592000,h3-Q043=\":443\"; ma=2592000,quic=\":443\"; ma=2592000; v=\"46,43\"","accept-ranges":"none","transfer-encoding":"chunked"}
[debug] [2021-01-12T04:06:54.515Z] >>> [apiv2][query] GET https://firebase.googleapis.com/v1beta1/operations/workflows/MTFiMDM5ZjUtNGM4Mi00MmQwLWE4MzctNzE4ZGY4M2EzYjUz [none]
[debug] [2021-01-12T04:06:55.728Z] <<< [apiv2][status] GET https://firebase.googleapis.com/v1beta1/operations/workflows/MTFiMDM5ZjUtNGM4Mi00MmQwLWE4MzctNzE4ZGY4M2EzYjUz 200
[debug] [2021-01-12T04:06:55.728Z] <<< [apiv2][body] GET https://firebase.googleapis.com/v1beta1/operations/workflows/MTFiMDM5ZjUtNGM4Mi00MmQwLWE4MzctNzE4ZGY4M2EzYjUz {"name":"operations/workflows/MTFiMDM5ZjUtNGM4Mi00MmQwLWE4MzctNzE4ZGY4M2EzYjUz"}
[debug] [2021-01-12T04:06:56.228Z] [Add Firebase Poller] Retrying task index 0
[debug] [2021-01-12T04:06:56.229Z] >>> [apiv2][query] GET https://firebase.googleapis.com/v1beta1/operations/workflows/MTFiMDM5ZjUtNGM4Mi00MmQwLWE4MzctNzE4ZGY4M2EzYjUz [none]
[debug] [2021-01-12T04:06:57.372Z] <<< [apiv2][status] GET https://firebase.googleapis.com/v1beta1/operations/workflows/MTFiMDM5ZjUtNGM4Mi00MmQwLWE4MzctNzE4ZGY4M2EzYjUz 200
[debug] [2021-01-12T04:06:57.372Z] <<< [apiv2][body] GET https://firebase.googleapis.com/v1beta1/operations/workflows/MTFiMDM5ZjUtNGM4Mi00MmQwLWE4MzctNzE4ZGY4M2EzYjUz {"name":"operations/workflows/MTFiMDM5ZjUtNGM4Mi00MmQwLWE4MzctNzE4ZGY4M2EzYjUz"}
[debug] [2021-01-12T04:06:58.373Z] [Add Firebase Poller] Retrying task index 0
[debug] [2021-01-12T04:06:58.376Z] >>> [apiv2][query] GET https://firebase.googleapis.com/v1beta1/operations/workflows/MTFiMDM5ZjUtNGM4Mi00MmQwLWE4MzctNzE4ZGY4M2EzYjUz [none]
[debug] [2021-01-12T04:06:59.562Z] <<< [apiv2][status] GET https://firebase.googleapis.com/v1beta1/operations/workflows/MTFiMDM5ZjUtNGM4Mi00MmQwLWE4MzctNzE4ZGY4M2EzYjUz 200
[debug] [2021-01-12T04:06:59.562Z] <<< [apiv2][body] GET https://firebase.googleapis.com/v1beta1/operations/workflows/MTFiMDM5ZjUtNGM4Mi00MmQwLWE4MzctNzE4ZGY4M2EzYjUz {"name":"operations/workflows/MTFiMDM5ZjUtNGM4Mi00MmQwLWE4MzctNzE4ZGY4M2EzYjUz"}
[debug] [2021-01-12T04:07:01.563Z] [Add Firebase Poller] Retrying task index 0
[debug] [2021-01-12T04:07:01.564Z] >>> [apiv2][query] GET https://firebase.googleapis.com/v1beta1/operations/workflows/MTFiMDM5ZjUtNGM4Mi00MmQwLWE4MzctNzE4ZGY4M2EzYjUz [none]
[debug] [2021-01-12T04:07:02.569Z] <<< [apiv2][status] GET https://firebase.googleapis.com/v1beta1/operations/workflows/MTFiMDM5ZjUtNGM4Mi00MmQwLWE4MzctNzE4ZGY4M2EzYjUz 200
[debug] [2021-01-12T04:07:02.571Z] <<< [apiv2][body] GET https://firebase.googleapis.com/v1beta1/operations/workflows/MTFiMDM5ZjUtNGM4Mi00MmQwLWE4MzctNzE4ZGY4M2EzYjUz {"name":"operations/workflows/MTFiMDM5ZjUtNGM4Mi00MmQwLWE4MzctNzE4ZGY4M2EzYjUz"}
[debug] [2021-01-12T04:07:06.572Z] [Add Firebase Poller] Retrying task index 0
[debug] [2021-01-12T04:07:06.572Z] >>> [apiv2][query] GET https://firebase.googleapis.com/v1beta1/operations/workflows/MTFiMDM5ZjUtNGM4Mi00MmQwLWE4MzctNzE4ZGY4M2EzYjUz [none]
[debug] [2021-01-12T04:07:07.551Z] <<< [apiv2][status] GET https://firebase.googleapis.com/v1beta1/operations/workflows/MTFiMDM5ZjUtNGM4Mi00MmQwLWE4MzctNzE4ZGY4M2EzYjUz 200
[debug] [2021-01-12T04:07:07.551Z] <<< [apiv2][body] GET https://firebase.googleapis.com/v1beta1/operations/workflows/MTFiMDM5ZjUtNGM4Mi00MmQwLWE4MzctNzE4ZGY4M2EzYjUz {"name":"operations/workflows/MTFiMDM5ZjUtNGM4Mi00MmQwLWE4MzctNzE4ZGY4M2EzYjUz","done":true,"response":{"@type":"type.googleapis.com/google.firebase.service.v1beta1.FirebaseProject","projectId":"jsgames","projectNumber":"535793965954","displayName":"jsgames","name":"projects/jsgames","resources":{"hostingSite":"jsgames-3f520"}}}
[info] 
[info] 🎉🎉🎉 Your Firebase project is ready! 🎉🎉🎉
[info] 
[info] Project information:
[info]    - Project ID: jsgames
[info]    - Project Name: jsgames
[info] 
[info] Firebase console is available at
[info] https://console.firebase.google.com/project/jsgames/overview
[info] i  Using project jsgames (jsgames) 
[info] 
=== Hosting Setup
[info] 
[info] Your public directory is the folder (relative to your project directory) that
[info] will contain Hosting assets to be uploaded with firebase deploy. If you
[info] have a build process for your assets, use your build's output directory.
[info] 
[debug] [2021-01-12T04:07:37.736Z] >>> [apiv2][query] GET https://www.gstatic.com/firebasejs/releases.json [none]
[debug] [2021-01-12T04:07:37.974Z] <<< [apiv2][status] GET https://www.gstatic.com/firebasejs/releases.json 200
[debug] [2021-01-12T04:07:37.974Z] <<< [apiv2][body] GET https://www.gstatic.com/firebasejs/releases.json {"current":{"version":"8.2.2","browserURL":"https://www.gstatic.com/firebasejs/8.2.2/firebase.js","packageURL":"https://www.gstatic.com/firebasejs/8.2.2/firebase.tgz"},"live":{"version":"8.2","browserURL":"https://www.gstatic.com/firebasejs/live/8.2/firebase.js","packageURL":"https://www.gstatic.com/firebasejs/live/8.2/firebase.tgz"},"components":{"analytics":"https://www.gstatic.com/firebasejs/8.2.2/firebase-analytics.js","app":"https://www.gstatic.com/firebasejs/8.2.2/firebase-app.js","auth":"https://www.gstatic.com/firebasejs/8.2.2/firebase-auth.js","database":"https://www.gstatic.com/firebasejs/8.2.2/firebase-database.js","firestore":"https://www.gstatic.com/firebasejs/8.2.2/firebase-firestore.js","functions":"https://www.gstatic.com/firebasejs/8.2.2/firebase-functions.js","installations":"https://www.gstatic.com/firebasejs/8.2.2/firebase-installations.js","messaging":"https://www.gstatic.com/firebasejs/8.2.2/firebase-messaging.js","storage":"https://www.gstatic.com/firebasejs/8.2.2/firebase-storage.js","performance":"https://www.gstatic.com/firebasejs/8.2.2/firebase-performance.js","remote-config":"https://www.gstatic.com/firebasejs/8.2.2/firebase-remote-config.js","firestore.memory":"https://www.gstatic.com/firebasejs/8.2.2/firebase-firestore.memory.js"}}
[info] ✔  Wrote public/index.html 
[info] 
[info] i  Didn't detect a .git folder. Assuming /home/krishna/Desktop/practicecodes/cleverProgrammer/jscrashcourse/games is the project root. 
[info] i  Authorizing with GitHub to upload your service account to a GitHub repository's secrets store. 
[info] 
[info] Visit this URL on this device to log in:
[info] https://github.com/login/oauth/authorize?client_id=89cf50f02ac6aaed3484&state=852279786&redirect_uri=http%3A%2F%2Flocalhost%3A9005&scope=read%3Auser%20repo%20public_repo
[info] 
[info] Waiting for authentication...
[debug] [2021-01-12T04:07:41.032Z] >>> HTTP REQUEST POST https://github.com/login/oauth/access_token  
 {"client_id":"89cf50f02ac6aaed3484","client_secret":"3330d14abc895d9a74d5f17cd7a00711fa2c5bf0","code":"38696db4128d0287b457","redirect_uri":"http://localhost:9005","state":"852279786"}
[debug] [2021-01-12T04:07:45.409Z] <<< HTTP RESPONSE 200 {"date":"Tue, 12 Jan 2021 04:07:45 GMT","content-type":"application/json; charset=utf-8","transfer-encoding":"chunked","server":"GitHub.com","status":"200 OK","vary":"X-PJAX, Accept-Encoding, Accept, X-Requested-With, Accept-Encoding","etag":"W/\"adee59783f333ced9c0ad7e30d5bd143\"","cache-control":"max-age=0, private, must-revalidate","strict-transport-security":"max-age=31536000; includeSubdomains; preload","x-frame-options":"deny","x-content-type-options":"nosniff","x-xss-protection":"1; mode=block","referrer-policy":"origin-when-cross-origin, strict-origin-when-cross-origin","expect-ct":"max-age=2592000, report-uri=\"https://api.github.com/_private/browser/errors\"","content-security-policy":"default-src 'none'; base-uri 'self'; block-all-mixed-content; connect-src 'self' uploads.github.com www.githubstatus.com collector.githubapp.com api.github.com github-cloud.s3.amazonaws.com github-production-repository-file-5c1aeb.s3.amazonaws.com github-production-upload-manifest-file-7fdce7.s3.amazonaws.com github-production-user-asset-6210df.s3.amazonaws.com cdn.optimizely.com logx.optimizely.com/v1/events wss://alive.github.com; font-src github.githubassets.com; form-action 'self' github.com gist.github.com; frame-ancestors 'none'; frame-src render.githubusercontent.com; img-src 'self' data: github.githubassets.com identicons.github.com collector.githubapp.com github-cloud.s3.amazonaws.com *.githubusercontent.com; manifest-src 'self'; media-src 'none'; script-src github.githubassets.com; style-src 'unsafe-inline' github.githubassets.com; worker-src github.com/socket-worker-5029ae85.js gist.github.com/socket-worker-5029ae85.js","x-github-request-id":"DE6C:1A37:41ACE:56C03:5FFD2091"}
[debug] [2021-01-12T04:07:45.411Z] >>> [apiv2][query] GET https://api.github.com/user [none]
[debug] [2021-01-12T04:08:00.980Z] <<< [apiv2][status] GET https://api.github.com/user 200
[debug] [2021-01-12T04:08:00.981Z] <<< [apiv2][body] GET https://api.github.com/user {"login":"krishna9966","id":44288389,"node_id":"MDQ6VXNlcjQ0Mjg4Mzg5","avatar_url":"https://avatars0.githubusercontent.com/u/44288389?v=4","gravatar_id":"","url":"https://api.github.com/users/krishna9966","html_url":"https://github.com/krishna9966","followers_url":"https://api.github.com/users/krishna9966/followers","following_url":"https://api.github.com/users/krishna9966/following{/other_user}","gists_url":"https://api.github.com/users/krishna9966/gists{/gist_id}","starred_url":"https://api.github.com/users/krishna9966/starred{/owner}{/repo}","subscriptions_url":"https://api.github.com/users/krishna9966/subscriptions","organizations_url":"https://api.github.com/users/krishna9966/orgs","repos_url":"https://api.github.com/users/krishna9966/repos","events_url":"https://api.github.com/users/krishna9966/events{/privacy}","received_events_url":"https://api.github.com/users/krishna9966/received_events","type":"User","site_admin":false,"name":null,"company":null,"blog":"","location":null,"email":null,"hireable":null,"bio":null,"twitter_username":null,"public_repos":3,"public_gists":0,"followers":1,"following":20,"created_at":"2018-10-19T08:28:40Z","updated_at":"2021-01-08T17:36:47Z","private_gists":0,"total_private_repos":2,"owned_private_repos":2,"disk_usage":2489,"collaborators":0,"two_factor_authentication":false,"plan":{"name":"free","space":976562499,"collaborators":0,"private_repos":10000}}
[info] 
[info] ✔  Success! Logged into GitHub as krishna9966 
[info] 
